# JRE version: OpenJDK Runtime Environment (11.0.11+9) (build 11.0.11+9-Ubuntu-0ubuntu2.18.04)
# Java VM: OpenJDK 64-Bit Server VM (11.0.11+9-Ubuntu-0ubuntu2.18.04, mixed mode, sharing, tiered, compressed oops, concurrent mark sweep gc, linux-amd64)
Heap:
 par new generation   total 76672K, used 76672K [0x00000000f0000000, 0x00000000f5330000, 0x00000000f5330000)
  eden space 68160K, 100% used [0x00000000f0000000, 0x00000000f4290000, 0x00000000f4290000)
  from space 8512K, 100% used [0x00000000f4290000, 0x00000000f4ae0000, 0x00000000f4ae0000)
  to   space 8512K,   0% used [0x00000000f4ae0000, 0x00000000f4ae0000, 0x00000000f5330000)
 concurrent mark-sweep generation total 176960K, used 176959K [0x00000000f5330000, 0x0000000100000000, 0x0000000100000000)
 Metaspace       used 55954K, capacity 58578K, committed 58968K, reserved 1101824K
  class space    used 5480K, capacity 6457K, committed 6528K, reserved 1048576K
GC Heap History (20 events):
Event: 966.306 GC heap before
{Heap before GC invocations=1187 (full 593):
 par new generation   total 76672K, used 76671K [0x00000000f0000000, 0x00000000f5330000, 0x00000000f5330000)
  eden space 68160K, 100% used [0x00000000f0000000, 0x00000000f4290000, 0x00000000f4290000)
  from space 8512K,  99% used [0x00000000f4290000, 0x00000000f4adffe8, 0x00000000f4ae0000)
  to   space 8512K,   0% used [0x00000000f4ae0000, 0x00000000f4ae0000, 0x00000000f5330000)
 concurrent mark-sweep generation total 176960K, used 176959K [0x00000000f5330000, 0x0000000100000000, 0x0000000100000000)
 Metaspace       used 55944K, capacity 58578K, committed 58968K, reserved 1101824K
  class space    used 5480K, capacity 6457K, committed 6528K, reserved 1048576K
}
Event: 967.787 GC heap after
{Heap after GC invocations=1188 (full 594):
 par new generation   total 76672K, used 76671K [0x00000000f0000000, 0x00000000f5330000, 0x00000000f5330000)
  eden space 68160K, 100% used [0x00000000f0000000, 0x00000000f4290000, 0x00000000f4290000)
  from space 8512K,  99% used [0x00000000f4290000, 0x00000000f4adffc8, 0x00000000f4ae0000)
  to   space 8512K,   0% used [0x00000000f4ae0000, 0x00000000f4ae0000, 0x00000000f5330000)
 concurrent mark-sweep generation total 176960K, used 176959K [0x00000000f5330000, 0x0000000100000000, 0x0000000100000000)
 Metaspace       used 55944K, capacity 58578K, committed 58968K, reserved 1101824K
  class space    used 5480K, capacity 6457K, committed 6528K, reserved 1048576K
}
Event: 967.788 GC heap before
{Heap before GC invocations=1188 (full 594):
 par new generation   total 76672K, used 76671K [0x00000000f0000000, 0x00000000f5330000, 0x00000000f5330000)
  eden space 68160K, 100% used [0x00000000f0000000, 0x00000000f4290000, 0x00000000f4290000)
  from space 8512K,  99% used [0x00000000f4290000, 0x00000000f4adffe8, 0x00000000f4ae0000)
  to   space 8512K,   0% used [0x00000000f4ae0000, 0x00000000f4ae0000, 0x00000000f5330000)
 concurrent mark-sweep generation total 176960K, used 176959K [0x00000000f5330000, 0x0000000100000000, 0x0000000100000000)
 Metaspace       used 55944K, capacity 58578K, committed 58968K, reserved 1101824K
  class space    used 5480K, capacity 6457K, committed 6528K, reserved 1048576K
}
Event: 969.315 GC heap after
{Heap after GC invocations=1189 (full 595):
 par new generation   total 76672K, used 76671K [0x00000000f0000000, 0x00000000f5330000, 0x00000000f5330000)
  eden space 68160K, 100% used [0x00000000f0000000, 0x00000000f4290000, 0x00000000f4290000)
  from space 8512K,  99% used [0x00000000f4290000, 0x00000000f4adffe8, 0x00000000f4ae0000)
  to   space 8512K,   0% used [0x00000000f4ae0000, 0x00000000f4ae0000, 0x00000000f5330000)
 concurrent mark-sweep generation total 176960K, used 176959K [0x00000000f5330000, 0x0000000100000000, 0x0000000100000000)
 Metaspace       used 55944K, capacity 58578K, committed 58968K, reserved 1101824K
  class space    used 5480K, capacity 6457K, committed 6528K, reserved 1048576K
}
Event: 969.315 GC heap before
{Heap before GC invocations=1189 (full 595):
 par new generation   total 76672K, used 76671K [0x00000000f0000000, 0x00000000f5330000, 0x00000000f5330000)
  eden space 68160K, 100% used [0x00000000f0000000, 0x00000000f4290000, 0x00000000f4290000)
  from space 8512K,  99% used [0x00000000f4290000, 0x00000000f4adffe8, 0x00000000f4ae0000)
  to   space 8512K,   0% used [0x00000000f4ae0000, 0x00000000f4ae0000, 0x00000000f5330000)
 concurrent mark-sweep generation total 176960K, used 176959K [0x00000000f5330000, 0x0000000100000000, 0x0000000100000000)
 Metaspace       used 55944K, capacity 58578K, committed 58968K, reserved 1101824K
  class space    used 5480K, capacity 6457K, committed 6528K, reserved 1048576K
}
Event: 970.983 GC heap after
{Heap after GC invocations=1190 (full 596):
 par new generation   total 76672K, used 76671K [0x00000000f0000000, 0x00000000f5330000, 0x00000000f5330000)
  eden space 68160K, 100% used [0x00000000f0000000, 0x00000000f4290000, 0x00000000f4290000)
  from space 8512K,  99% used [0x00000000f4290000, 0x00000000f4adffe8, 0x00000000f4ae0000)
  to   space 8512K,   0% used [0x00000000f4ae0000, 0x00000000f4ae0000, 0x00000000f5330000)
 concurrent mark-sweep generation total 176960K, used 176959K [0x00000000f5330000, 0x0000000100000000, 0x0000000100000000)
 Metaspace       used 55944K, capacity 58578K, committed 58968K, reserved 1101824K
  class space    used 5480K, capacity 6457K, committed 6528K, reserved 1048576K
}
Event: 970.986 GC heap before
{Heap before GC invocations=1190 (full 596):
 par new generation   total 76672K, used 76671K [0x00000000f0000000, 0x00000000f5330000, 0x00000000f5330000)
  eden space 68160K, 100% used [0x00000000f0000000, 0x00000000f4290000, 0x00000000f4290000)
  from space 8512K,  99% used [0x00000000f4290000, 0x00000000f4adffe8, 0x00000000f4ae0000)
  to   space 8512K,   0% used [0x00000000f4ae0000, 0x00000000f4ae0000, 0x00000000f5330000)
 concurrent mark-sweep generation total 176960K, used 176959K [0x00000000f5330000, 0x0000000100000000, 0x0000000100000000)
 Metaspace       used 55944K, capacity 58578K, committed 58968K, reserved 1101824K
  class space    used 5480K, capacity 6457K, committed 6528K, reserved 1048576K
}
Event: 972.607 GC heap after
{Heap after GC invocations=1191 (full 597):
 par new generation   total 76672K, used 76671K [0x00000000f0000000, 0x00000000f5330000, 0x00000000f5330000)
  eden space 68160K, 100% used [0x00000000f0000000, 0x00000000f4290000, 0x00000000f4290000)
  from space 8512K,  99% used [0x00000000f4290000, 0x00000000f4adffe8, 0x00000000f4ae0000)
  to   space 8512K,   0% used [0x00000000f4ae0000, 0x00000000f4ae0000, 0x00000000f5330000)
 concurrent mark-sweep generation total 176960K, used 176959K [0x00000000f5330000, 0x0000000100000000, 0x0000000100000000)
 Metaspace       used 55944K, capacity 58578K, committed 58968K, reserved 1101824K
  class space    used 5480K, capacity 6457K, committed 6528K, reserved 1048576K
}
Event: 972.607 GC heap before
{Heap before GC invocations=1191 (full 597):
 par new generation   total 76672K, used 76671K [0x00000000f0000000, 0x00000000f5330000, 0x00000000f5330000)
  eden space 68160K, 100% used [0x00000000f0000000, 0x00000000f4290000, 0x00000000f4290000)
  from space 8512K,  99% used [0x00000000f4290000, 0x00000000f4adffe8, 0x00000000f4ae0000)
  to   space 8512K,   0% used [0x00000000f4ae0000, 0x00000000f4ae0000, 0x00000000f5330000)
 concurrent mark-sweep generation total 176960K, used 176959K [0x00000000f5330000, 0x0000000100000000, 0x0000000100000000)
 Metaspace       used 55944K, capacity 58578K, committed 58968K, reserved 1101824K
  class space    used 5480K, capacity 6457K, committed 6528K, reserved 1048576K
}
Event: 974.195 GC heap after
{Heap after GC invocations=1192 (full 598):
 par new generation   total 76672K, used 76671K [0x00000000f0000000, 0x00000000f5330000, 0x00000000f5330000)
  eden space 68160K, 100% used [0x00000000f0000000, 0x00000000f4290000, 0x00000000f4290000)
  from space 8512K,  99% used [0x00000000f4290000, 0x00000000f4adffe8, 0x00000000f4ae0000)
  to   space 8512K,   0% used [0x00000000f4ae0000, 0x00000000f4ae0000, 0x00000000f5330000)
 concurrent mark-sweep generation total 176960K, used 176959K [0x00000000f5330000, 0x0000000100000000, 0x0000000100000000)
 Metaspace       used 55944K, capacity 58578K, committed 58968K, reserved 1101824K
  class space    used 5480K, capacity 6457K, committed 6528K, reserved 1048576K
}
Event: 974.195 GC heap before
{Heap before GC invocations=1192 (full 598):
 par new generation   total 76672K, used 76672K [0x00000000f0000000, 0x00000000f5330000, 0x00000000f5330000)
  eden space 68160K, 100% used [0x00000000f0000000, 0x00000000f4290000, 0x00000000f4290000)
  from space 8512K, 100% used [0x00000000f4290000, 0x00000000f4ae0000, 0x00000000f4ae0000)
  to   space 8512K,   0% used [0x00000000f4ae0000, 0x00000000f4ae0000, 0x00000000f5330000)
 concurrent mark-sweep generation total 176960K, used 176959K [0x00000000f5330000, 0x0000000100000000, 0x0000000100000000)
 Metaspace       used 55944K, capacity 58578K, committed 58968K, reserved 1101824K
  class space    used 5480K, capacity 6457K, committed 6528K, reserved 1048576K
}
Event: 975.713 GC heap after
{Heap after GC invocations=1193 (full 599):
 par new generation   total 76672K, used 76671K [0x00000000f0000000, 0x00000000f5330000, 0x00000000f5330000)
  eden space 68160K, 100% used [0x00000000f0000000, 0x00000000f4290000, 0x00000000f4290000)
  from space 8512K,  99% used [0x00000000f4290000, 0x00000000f4adffe0, 0x00000000f4ae0000)
  to   space 8512K,   0% used [0x00000000f4ae0000, 0x00000000f4ae0000, 0x00000000f5330000)
 concurrent mark-sweep generation total 176960K, used 176959K [0x00000000f5330000, 0x0000000100000000, 0x0000000100000000)
 Metaspace       used 55944K, capacity 58578K, committed 58968K, reserved 1101824K
  class space    used 5480K, capacity 6457K, committed 6528K, reserved 1048576K
}
Event: 975.714 GC heap before
{Heap before GC invocations=1193 (full 599):
 par new generation   total 76672K, used 76672K [0x00000000f0000000, 0x00000000f5330000, 0x00000000f5330000)
  eden space 68160K, 100% used [0x00000000f0000000, 0x00000000f4290000, 0x00000000f4290000)
  from space 8512K, 100% used [0x00000000f4290000, 0x00000000f4ae0000, 0x00000000f4ae0000)
  to   space 8512K,   0% used [0x00000000f4ae0000, 0x00000000f4ae0000, 0x00000000f5330000)
 concurrent mark-sweep generation total 176960K, used 176959K [0x00000000f5330000, 0x0000000100000000, 0x0000000100000000)
 Metaspace       used 55944K, capacity 58578K, committed 58968K, reserved 1101824K
  class space    used 5480K, capacity 6457K, committed 6528K, reserved 1048576K
}
Event: 977.492 GC heap after
{Heap after GC invocations=1194 (full 600):
 par new generation   total 76672K, used 75019K [0x00000000f0000000, 0x00000000f5330000, 0x00000000f5330000)
  eden space 68160K,  99% used [0x00000000f0000000, 0x00000000f428f9d8, 0x00000000f4290000)
  from space 8512K,  80% used [0x00000000f4290000, 0x00000000f4943360, 0x00000000f4ae0000)
  to   space 8512K,   0% used [0x00000000f4ae0000, 0x00000000f4ae0000, 0x00000000f5330000)
 concurrent mark-sweep generation total 176960K, used 176959K [0x00000000f5330000, 0x0000000100000000, 0x0000000100000000)
 Metaspace       used 55944K, capacity 58578K, committed 58968K, reserved 1101824K
  class space    used 5480K, capacity 6457K, committed 6528K, reserved 1048576K
}
Event: 977.799 GC heap before
{Heap before GC invocations=1194 (full 601):
 par new generation   total 76672K, used 76671K [0x00000000f0000000, 0x00000000f5330000, 0x00000000f5330000)
  eden space 68160K,  99% used [0x00000000f0000000, 0x00000000f428fff8, 0x00000000f4290000)
  from space 8512K,  99% used [0x00000000f4290000, 0x00000000f4adffe8, 0x00000000f4ae0000)
  to   space 8512K,   0% used [0x00000000f4ae0000, 0x00000000f4ae0000, 0x00000000f5330000)
 concurrent mark-sweep generation total 176960K, used 176959K [0x00000000f5330000, 0x0000000100000000, 0x0000000100000000)
 Metaspace       used 55952K, capacity 58578K, committed 58968K, reserved 1101824K
  class space    used 5480K, capacity 6457K, committed 6528K, reserved 1048576K
}
Event: 979.815 GC heap after
{Heap after GC invocations=1195 (full 602):
 par new generation   total 76672K, used 74998K [0x00000000f0000000, 0x00000000f5330000, 0x00000000f5330000)
  eden space 68160K,  99% used [0x00000000f0000000, 0x00000000f428eb30, 0x00000000f4290000)
  from space 8512K,  80% used [0x00000000f4290000, 0x00000000f493ed38, 0x00000000f4ae0000)
  to   space 8512K,   0% used [0x00000000f4ae0000, 0x00000000f4ae0000, 0x00000000f5330000)
 concurrent mark-sweep generation total 176960K, used 176958K [0x00000000f5330000, 0x0000000100000000, 0x0000000100000000)
 Metaspace       used 55952K, capacity 58578K, committed 58968K, reserved 1101824K
  class space    used 5480K, capacity 6457K, committed 6528K, reserved 1048576K
}
Event: 979.879 GC heap before
{Heap before GC invocations=1195 (full 602):
 par new generation   total 76672K, used 76671K [0x00000000f0000000, 0x00000000f5330000, 0x00000000f5330000)
  eden space 68160K, 100% used [0x00000000f0000000, 0x00000000f4290000, 0x00000000f4290000)
  from space 8512K,  99% used [0x00000000f4290000, 0x00000000f4adffe8, 0x00000000f4ae0000)
  to   space 8512K,   0% used [0x00000000f4ae0000, 0x00000000f4ae0000, 0x00000000f5330000)
 concurrent mark-sweep generation total 176960K, used 176959K [0x00000000f5330000, 0x0000000100000000, 0x0000000100000000)
 Metaspace       used 55953K, capacity 58578K, committed 58968K, reserved 1101824K
  class space    used 5480K, capacity 6457K, committed 6528K, reserved 1048576K
}
Event: 981.420 GC heap after
{Heap after GC invocations=1196 (full 603):
 par new generation   total 76672K, used 74770K [0x00000000f0000000, 0x00000000f5330000, 0x00000000f5330000)
  eden space 68160K,  99% used [0x00000000f0000000, 0x00000000f428d600, 0x00000000f4290000)
  from space 8512K,  77% used [0x00000000f4290000, 0x00000000f4907360, 0x00000000f4ae0000)
  to   space 8512K,   0% used [0x00000000f4ae0000, 0x00000000f4ae0000, 0x00000000f5330000)
 concurrent mark-sweep generation total 176960K, used 176954K [0x00000000f5330000, 0x0000000100000000, 0x0000000100000000)
 Metaspace       used 55953K, capacity 58578K, committed 58968K, reserved 1101824K
  class space    used 5480K, capacity 6457K, committed 6528K, reserved 1048576K
}
Event: 981.577 GC heap before
{Heap before GC invocations=1196 (full 603):
 par new generation   total 76672K, used 76672K [0x00000000f0000000, 0x00000000f5330000, 0x00000000f5330000)
  eden space 68160K, 100% used [0x00000000f0000000, 0x00000000f4290000, 0x00000000f4290000)
  from space 8512K, 100% used [0x00000000f4290000, 0x00000000f4ae0000, 0x00000000f4ae0000)
  to   space 8512K,   0% used [0x00000000f4ae0000, 0x00000000f4ae0000, 0x00000000f5330000)
 concurrent mark-sweep generation total 176960K, used 176960K [0x00000000f5330000, 0x0000000100000000, 0x0000000100000000)
 Metaspace       used 55953K, capacity 58578K, committed 58968K, reserved 1101824K
  class space    used 5480K, capacity 6457K, committed 6528K, reserved 1048576K
}
Event: 983.016 GC heap after
{Heap after GC invocations=1197 (full 604):
 par new generation   total 76672K, used 75209K [0x00000000f0000000, 0x00000000f5330000, 0x00000000f5330000)
  eden space 68160K,  99% used [0x00000000f0000000, 0x00000000f428d640, 0x00000000f4290000)
  from space 8512K,  82% used [0x00000000f4290000, 0x00000000f4974fe0, 0x00000000f4ae0000)
  to   space 8512K,   0% used [0x00000000f4ae0000, 0x00000000f4ae0000, 0x00000000f5330000)
 concurrent mark-sweep generation total 176960K, used 176955K [0x00000000f5330000, 0x0000000100000000, 0x0000000100000000)
 Metaspace       used 55953K, capacity 58578K, committed 58968K, reserved 1101824K
  class space    used 5480K, capacity 6457K, committed 6528K, reserved 1048576K
}

